{"D:\\Web Development\\React\\react-foodorder\\backend\\app.js": {"path":"D:\\Web Development\\React\\react-foodorder\\backend\\app.js","statementMap":{"0":{"start":{"line":1,"column":11},"end":{"line":1,"column":33}},"1":{"start":{"line":3,"column":19},"end":{"line":3,"column":41}},"2":{"start":{"line":4,"column":16},"end":{"line":4,"column":34}},"3":{"start":{"line":6,"column":12},"end":{"line":6,"column":21}},"4":{"start":{"line":8,"column":0},"end":{"line":8,"column":27}},"5":{"start":{"line":9,"column":0},"end":{"line":9,"column":36}},"6":{"start":{"line":11,"column":0},"end":{"line":16,"column":3}},"7":{"start":{"line":12,"column":2},"end":{"line":12,"column":52}},"8":{"start":{"line":13,"column":2},"end":{"line":13,"column":61}},"9":{"start":{"line":14,"column":2},"end":{"line":14,"column":64}},"10":{"start":{"line":15,"column":2},"end":{"line":15,"column":9}},"11":{"start":{"line":18,"column":0},"end":{"line":21,"column":3}},"12":{"start":{"line":19,"column":16},"end":{"line":19,"column":72}},"13":{"start":{"line":20,"column":2},"end":{"line":20,"column":42}},"14":{"start":{"line":23,"column":0},"end":{"line":61,"column":3}},"15":{"start":{"line":24,"column":20},"end":{"line":24,"column":34}},"16":{"start":{"line":26,"column":2},"end":{"line":32,"column":3}},"17":{"start":{"line":31,"column":4},"end":{"line":31,"column":62}},"18":{"start":{"line":34,"column":2},"end":{"line":50,"column":3}},"19":{"start":{"line":46,"column":4},"end":{"line":49,"column":7}},"20":{"start":{"line":52,"column":19},"end":{"line":55,"column":3}},"21":{"start":{"line":56,"column":17},"end":{"line":56,"column":64}},"22":{"start":{"line":57,"column":20},"end":{"line":57,"column":38}},"23":{"start":{"line":58,"column":2},"end":{"line":58,"column":27}},"24":{"start":{"line":59,"column":2},"end":{"line":59,"column":70}},"25":{"start":{"line":60,"column":2},"end":{"line":60,"column":54}},"26":{"start":{"line":63,"column":0},"end":{"line":69,"column":3}},"27":{"start":{"line":64,"column":2},"end":{"line":66,"column":3}},"28":{"start":{"line":65,"column":4},"end":{"line":65,"column":31}},"29":{"start":{"line":68,"column":2},"end":{"line":68,"column":49}},"30":{"start":{"line":71,"column":0},"end":{"line":71,"column":21}},"31":{"start":{"line":72,"column":0},"end":{"line":72,"column":17}}},"fnMap":{"0":{"name":"(anonymous_0)","decl":{"start":{"line":11,"column":8},"end":{"line":11,"column":9}},"loc":{"start":{"line":11,"column":28},"end":{"line":16,"column":1}},"line":11},"1":{"name":"(anonymous_1)","decl":{"start":{"line":18,"column":18},"end":{"line":18,"column":19}},"loc":{"start":{"line":18,"column":38},"end":{"line":21,"column":1}},"line":18},"2":{"name":"(anonymous_2)","decl":{"start":{"line":23,"column":20},"end":{"line":23,"column":21}},"loc":{"start":{"line":23,"column":40},"end":{"line":61,"column":1}},"line":23},"3":{"name":"(anonymous_3)","decl":{"start":{"line":63,"column":8},"end":{"line":63,"column":9}},"loc":{"start":{"line":63,"column":22},"end":{"line":69,"column":1}},"line":63}},"branchMap":{"0":{"loc":{"start":{"line":26,"column":2},"end":{"line":32,"column":3}},"type":"if","locations":[{"start":{"line":26,"column":2},"end":{"line":32,"column":3}},{"start":{},"end":{}}],"line":26},"1":{"loc":{"start":{"line":27,"column":4},"end":{"line":29,"column":32}},"type":"binary-expr","locations":[{"start":{"line":27,"column":4},"end":{"line":27,"column":22}},{"start":{"line":28,"column":4},"end":{"line":28,"column":28}},{"start":{"line":29,"column":4},"end":{"line":29,"column":32}}],"line":27},"2":{"loc":{"start":{"line":34,"column":2},"end":{"line":50,"column":3}},"type":"if","locations":[{"start":{"line":34,"column":2},"end":{"line":50,"column":3}},{"start":{},"end":{}}],"line":34},"3":{"loc":{"start":{"line":35,"column":4},"end":{"line":44,"column":41}},"type":"binary-expr","locations":[{"start":{"line":35,"column":4},"end":{"line":35,"column":37}},{"start":{"line":36,"column":4},"end":{"line":36,"column":43}},{"start":{"line":37,"column":4},"end":{"line":37,"column":36}},{"start":{"line":38,"column":4},"end":{"line":38,"column":41}},{"start":{"line":39,"column":4},"end":{"line":39,"column":38}},{"start":{"line":40,"column":4},"end":{"line":40,"column":43}},{"start":{"line":41,"column":4},"end":{"line":41,"column":46}},{"start":{"line":42,"column":4},"end":{"line":42,"column":51}},{"start":{"line":43,"column":4},"end":{"line":43,"column":36}},{"start":{"line":44,"column":4},"end":{"line":44,"column":41}}],"line":35},"4":{"loc":{"start":{"line":64,"column":2},"end":{"line":66,"column":3}},"type":"if","locations":[{"start":{"line":64,"column":2},"end":{"line":66,"column":3}},{"start":{},"end":{}}],"line":64}},"s":{"0":1,"1":1,"2":1,"3":1,"4":1,"5":1,"6":1,"7":0,"8":0,"9":0,"10":0,"11":1,"12":0,"13":0,"14":1,"15":0,"16":0,"17":0,"18":0,"19":0,"20":0,"21":0,"22":0,"23":0,"24":0,"25":0,"26":1,"27":0,"28":0,"29":0,"30":1,"31":1},"f":{"0":0,"1":0,"2":0,"3":0},"b":{"0":[0,0],"1":[0,0,0],"2":[0,0],"3":[0,0,0,0,0,0,0,0,0,0],"4":[0,0]},"_coverageSchema":"1a1c01bbd47fc00a2c39e90264f33305004495a9","hash":"eb06739bff3da1b6e0039d35f72a8430c00fabda"}
}
